<?xml version="1.0" encoding="UTF-8"?>
<!-- Generated by org.testng.reporters.JUnitXMLReporter -->
<testsuite hostname="CindyPrecious" ignored="0" name="DetailsTest" tests="6" failures="0" timestamp="07 Jun 2019 11:18:55 GMT" time="0.071" errors="0">
  <testcase name="@BeforeClass setup" time="0.0" classname="SOSFastAutomation.SOSFast.Details">
    <failure type="org.testng.TestNGException" message="
Parameter &amp;apos;browser&amp;apos; is required by BeforeClass on method setup but has not been marked @Optional or defined
in C:\Users\nokuthula tenene\eclipse-workspaceNew\SOSFastAutomation\testng.xml">
      <![CDATA[org.testng.TestNGException: 
Parameter 'browser' is required by BeforeClass on method setup but has not been marked @Optional or defined
in C:\Users\nokuthula tenene\eclipse-workspaceNew\SOSFastAutomation\testng.xml
... Removed 23 stack frames]]>
    </failure>
  </testcase> <!-- @BeforeClass setup -->
  <testcase name="@AfterClass tearDown" time="0.0" classname="SOSFastAutomation.SOSFast.Details">
    <skipped/>
  </testcase> <!-- @AfterClass tearDown -->
  <testcase name="verifySignIn" time="0.0" classname="SOSFastAutomation.SOSFast.Details">
    <skipped/>
  </testcase> <!-- verifySignIn -->
  <testcase name="verifyLogin" time="0.0" classname="SOSFastAutomation.SOSFast.Details">
    <skipped/>
  </testcase> <!-- verifyLogin -->
  <testcase name="verifySignButton" time="0.0" classname="SOSFastAutomation.SOSFast.Details">
    <skipped/>
  </testcase> <!-- verifySignButton -->
  <testcase name="verifyIcon" time="0.0" classname="SOSFastAutomation.SOSFast.Details">
    <skipped/>
  </testcase> <!-- verifyIcon -->
  <testcase name="clickAllLinks" time="0.0" classname="SOSFastAutomation.SOSFast.Details">
    <skipped/>
  </testcase> <!-- clickAllLinks -->
  <testcase name="returnToMydeails" time="0.0" classname="SOSFastAutomation.SOSFast.Details">
    <skipped/>
  </testcase> <!-- returnToMydeails -->
</testsuite> <!-- DetailsTest -->
